[debug] [2026-03-05T04:05:22.207Z] [Firebase Plugin] Activating Firebase extension.
[info] [Firebase Plugin] Checked firebase-tools, is up to date!
[debug] [2026-03-05T04:05:32.936Z] [Firebase Plugin] requireAuthWrapper
[debug] [2026-03-05T04:05:32.939Z] > command requires scopes: ["email","openid","https://www.googleapis.com/auth/cloudplatformprojects.readonly","https://www.googleapis.com/auth/firebase","https://www.googleapis.com/auth/cloud-platform"]
[debug] [2026-03-05T04:05:32.940Z] > authorizing via signed-in user (henriquegoncal@gmail.com)
[debug] [2026-03-05T04:05:32.944Z] Checked if tokens are valid: true, expires at: 1772684607870
[debug] [2026-03-05T04:05:32.945Z] Checked if tokens are valid: true, expires at: 1772684607870
[debug] [2026-03-05T04:05:32.945Z] [Firebase Plugin] User found:  henriquegoncal@gmail.com
[info] [Firebase Plugin] (Core:Project) New user detected, fetching projects
[debug] [2026-03-05T04:05:32.947Z] Checked if tokens are valid: true, expires at: 1772684607870
[debug] [2026-03-05T04:05:32.949Z] >>> [apiv2][query] GET https://firebase.googleapis.com/v1beta1/projects pageSize=1000
[info] [Firebase Plugin] Starting Data Connect toolkit (version 3.1.4) on port 50003
[debug] [2026-03-05T04:05:35.616Z] W0304 22:05:35.601521     316 control.go:74] [/emulator/paintflow2 f6b2] connector "example" has errors: example\queries.gql:45:5: Cannot query field "id" on type "Task_KeyOutput".
example\queries.gql:36:3: Field "task_insert" must not have a selection since type "Task_KeyOutput" has no subfields.

sources: example\queries.gql [1344B] 
I0304 22:05:35.601521     316 control.go:100] [/emulator/paintflow2 f6b2] UpdateResources(): done
Main schema: sources: schema\schema.gql [606B] 
Connector "example": sources: example\queries.gql [1344B] 
 {"metadata":{"emulator":{"name":"dataconnect"},"message":"W0304 22:05:35.601521     316 control.go:74] [/emulator/paintflow2 f6b2] connector \"example\" has errors: example\\queries.gql:45:5: Cannot query field \"id\" on type \"Task_KeyOutput\".\nexample\\queries.gql:36:3: Field \"task_insert\" must not have a selection since type \"Task_KeyOutput\" has no subfields.\n\nsources: example\\queries.gql [1344B] \nI0304 22:05:35.601521     316 control.go:100] [/emulator/paintflow2 f6b2] UpdateResources(): done\nMain schema: sources: schema\\schema.gql [606B] \nConnector \"example\": sources: example\\queries.gql [1344B] \n"}}
[debug] [2026-03-05T04:05:35.617Z] Ignoring unsupported arg: auto_download {"metadata":{"emulator":{"name":"dataconnect"},"message":"Ignoring unsupported arg: auto_download"}}
[debug] [2026-03-05T04:05:35.618Z] Ignoring unsupported arg: port {"metadata":{"emulator":{"name":"dataconnect"},"message":"Ignoring unsupported arg: port"}}
[debug] [2026-03-05T04:05:35.618Z] Starting Data Connect Emulator with command {"binary":"C:\\Users\\henri\\.cache\\firebase\\emulators\\dataconnect-emulator-3.1.4.exe","args":["--logtostderr","-v=2","dev","--listen=localhost:50003","--config_dir=c:\\Users\\henri\\Documents\\Antigravity\\PaintFlow2\\dataconnect","--enable_output_schema_extensions=true","--enable_output_generated_sdk=true"],"optionalArgs":["listen","config_dir","enable_output_schema_extensions","enable_output_generated_sdk"],"joinArgs":true,"shell":false,"port":9399} {"metadata":{"emulator":{"name":"dataconnect"},"message":"Starting Data Connect Emulator with command {\"binary\":\"C:\\\\Users\\\\henri\\\\.cache\\\\firebase\\\\emulators\\\\dataconnect-emulator-3.1.4.exe\",\"args\":[\"--logtostderr\",\"-v=2\",\"dev\",\"--listen=localhost:50003\",\"--config_dir=c:\\\\Users\\\\henri\\\\Documents\\\\Antigravity\\\\PaintFlow2\\\\dataconnect\",\"--enable_output_schema_extensions=true\",\"--enable_output_generated_sdk=true\"],\"optionalArgs\":[\"listen\",\"config_dir\",\"enable_output_schema_extensions\",\"enable_output_generated_sdk\"],\"joinArgs\":true,\"shell\":false,\"port\":9399}"}}
[info] i  dataconnect: Data Connect Emulator logging to dataconnect-debug.log {"metadata":{"emulator":{"name":"dataconnect"},"message":"Data Connect Emulator logging to \u001b[1mdataconnect-debug.log\u001b[22m"}}
[debug] [2026-03-05T04:05:36.467Z] <<< [apiv2][status] GET https://firebase.googleapis.com/v1beta1/projects 200
[debug] [2026-03-05T04:05:36.468Z] <<< [apiv2][body] GET https://firebase.googleapis.com/v1beta1/projects [omitted]
[debug] [2026-03-05T04:05:37.538Z] I0304 22:05:37.199975   25276 load.go:31] Reloading schema and connectors...
 {"metadata":{"emulator":{"name":"dataconnect"},"message":"I0304 22:05:37.199975   25276 load.go:31] Reloading schema and connectors...\n"}}
[debug] [2026-03-05T04:05:38.702Z] W0304 22:05:38.702575   25276 control.go:74] [/emulator/paintflow2 e5d4] connector "example" has errors: example\queries.gql:45:5: Cannot query field "id" on type "Task_KeyOutput".
example\queries.gql:36:3: Field "task_insert" must not have a selection since type "Task_KeyOutput" has no subfields.

sources: example\queries.gql [1344B] 
I0304 22:05:38.702575   25276 control.go:100] [/emulator/paintflow2 e5d4] UpdateResources(): done
Main schema: sources: schema\schema.gql [606B] 
Connector "example": sources: example\queries.gql [1344B] 
 {"metadata":{"emulator":{"name":"dataconnect"},"message":"W0304 22:05:38.702575   25276 control.go:74] [/emulator/paintflow2 e5d4] connector \"example\" has errors: example\\queries.gql:45:5: Cannot query field \"id\" on type \"Task_KeyOutput\".\nexample\\queries.gql:36:3: Field \"task_insert\" must not have a selection since type \"Task_KeyOutput\" has no subfields.\n\nsources: example\\queries.gql [1344B] \nI0304 22:05:38.702575   25276 control.go:100] [/emulator/paintflow2 e5d4] UpdateResources(): done\nMain schema: sources: schema\\schema.gql [606B] \nConnector \"example\": sources: example\\queries.gql [1344B] \n"}}
[debug] [2026-03-05T04:05:38.858Z] E0304 22:05:38.762070   25276 load.go:73] Could not load sources: 
Errors: example\queries.gql:45:5: Cannot query field "id" on type "Task_KeyOutput".
example\queries.gql:36:3: Field "task_insert" must not have a selection since type "Task_KeyOutput" has no subfields.
I0304 22:05:38.806853   25276 collector.go:107] schema extensions wrote into "c:\\Users\\henri\\Documents\\Antigravity\\PaintFlow2\\dataconnect\\.dataconnect\\schema"
Generated sources: main\mutation.gql [17013B] prelude.gql [80731B] main\implicit.gql [2283B] main\input.gql [41606B] main\relation.gql [23113B] main\query.gql [6262B] 
I0304 22:05:38.849350   25276 load.go:74] Finished reloading
 {"metadata":{"emulator":{"name":"dataconnect"},"message":"E0304 22:05:38.762070   25276 load.go:73] Could not load sources: \nErrors: example\\queries.gql:45:5: Cannot query field \"id\" on type \"Task_KeyOutput\".\nexample\\queries.gql:36:3: Field \"task_insert\" must not have a selection since type \"Task_KeyOutput\" has no subfields.\nI0304 22:05:38.806853   25276 collector.go:107] schema extensions wrote into \"c:\\\\Users\\\\henri\\\\Documents\\\\Antigravity\\\\PaintFlow2\\\\dataconnect\\\\.dataconnect\\\\schema\"\nGenerated sources: main\\mutation.gql [17013B] prelude.gql [80731B] main\\implicit.gql [2283B] main\\input.gql [41606B] main\\relation.gql [23113B] main\\query.gql [6262B] \nI0304 22:05:38.849350   25276 load.go:74] Finished reloading\n"}}
[debug] [2026-03-05T04:05:39.167Z] I0304 22:05:39.119421   25276 dev.go:104] Listening on address (HTTP + gRPC): 127.0.0.1:50003
 {"metadata":{"emulator":{"name":"dataconnect"},"message":"I0304 22:05:39.119421   25276 dev.go:104] Listening on address (HTTP + gRPC): 127.0.0.1:50003\n"}}
[debug] [2026-03-05T04:05:41.699Z] I0304 22:05:41.639880   25276 engine.go:208] [/emulator/paintflow2 e5d4] ExecuteGraphqlRead IntrospectionQuery: succeeded. 
 {"metadata":{"emulator":{"name":"dataconnect"},"message":"I0304 22:05:41.639880   25276 engine.go:208] [/emulator/paintflow2 e5d4] ExecuteGraphqlRead IntrospectionQuery: succeeded. \n"}}
[debug] [2026-03-05T04:12:55.796Z] [Firebase Plugin] Value of process.env.MONOSPACE_ENV: undefined
[debug] [2026-03-05T04:12:55.797Z] [Firebase Plugin] requireAuthWrapper
[debug] [2026-03-05T04:12:55.804Z] > command requires scopes: ["email","openid","https://www.googleapis.com/auth/cloudplatformprojects.readonly","https://www.googleapis.com/auth/firebase","https://www.googleapis.com/auth/cloud-platform"]
[debug] [2026-03-05T04:12:55.804Z] > authorizing via signed-in user (henriquegoncal@gmail.com)
[debug] [2026-03-05T04:12:55.806Z] Checked if tokens are valid: false, expires at: 1772684607870
[debug] [2026-03-05T04:12:55.806Z] Checked if tokens are valid: false, expires at: 1772684607870
[debug] [2026-03-05T04:12:55.806Z] > refreshing access token with scopes: []
[debug] [2026-03-05T04:12:55.811Z] >>> [apiv2][query] POST https://www.googleapis.com/oauth2/v3/token [none]
[debug] [2026-03-05T04:12:55.811Z] >>> [apiv2][body] POST https://www.googleapis.com/oauth2/v3/token [omitted]
[debug] [2026-03-05T04:12:55.818Z] [Firebase Plugin] Value of process.env.MONOSPACE_ENV: undefined
[debug] [2026-03-05T04:12:55.818Z] [Firebase Plugin] requireAuthWrapper
[debug] [2026-03-05T04:12:55.819Z] > command requires scopes: ["email","openid","https://www.googleapis.com/auth/cloudplatformprojects.readonly","https://www.googleapis.com/auth/firebase","https://www.googleapis.com/auth/cloud-platform"]
[debug] [2026-03-05T04:12:55.819Z] > authorizing via signed-in user (henriquegoncal@gmail.com)
[debug] [2026-03-05T04:12:55.820Z] Checked if tokens are valid: false, expires at: 1772684607870
[debug] [2026-03-05T04:12:55.820Z] Checked if tokens are valid: false, expires at: 1772684607870
[debug] [2026-03-05T04:12:55.820Z] > refreshing access token with scopes: []
[debug] [2026-03-05T04:12:55.821Z] >>> [apiv2][query] POST https://www.googleapis.com/oauth2/v3/token [none]
[debug] [2026-03-05T04:12:55.821Z] >>> [apiv2][body] POST https://www.googleapis.com/oauth2/v3/token [omitted]
[debug] [2026-03-05T04:12:56.020Z] <<< [apiv2][status] POST https://www.googleapis.com/oauth2/v3/token 200
[debug] [2026-03-05T04:12:56.020Z] <<< [apiv2][body] POST https://www.googleapis.com/oauth2/v3/token [omitted]
[debug] [2026-03-05T04:12:56.062Z] [Firebase Plugin] User found:  henriquegoncal@gmail.com
[info] [Firebase Plugin] (Core:Project) New user detected, fetching projects
[debug] [2026-03-05T04:12:56.063Z] Checked if tokens are valid: true, expires at: 1772687575020
[debug] [2026-03-05T04:12:56.066Z] >>> [apiv2][query] GET https://firebase.googleapis.com/v1beta1/projects pageSize=1000
[debug] [2026-03-05T04:12:56.077Z] <<< [apiv2][status] POST https://www.googleapis.com/oauth2/v3/token 200
[debug] [2026-03-05T04:12:56.077Z] <<< [apiv2][body] POST https://www.googleapis.com/oauth2/v3/token [omitted]
[debug] [2026-03-05T04:12:56.096Z] [Firebase Plugin] User found:  henriquegoncal@gmail.com
[info] [Firebase Plugin] (Core:Project) New user detected, fetching projects
[debug] [2026-03-05T04:12:56.097Z] Checked if tokens are valid: true, expires at: 1772687575078
[debug] [2026-03-05T04:12:56.097Z] >>> [apiv2][query] GET https://firebase.googleapis.com/v1beta1/projects pageSize=1000
[debug] [2026-03-05T04:12:56.468Z] <<< [apiv2][status] GET https://firebase.googleapis.com/v1beta1/projects 200
[debug] [2026-03-05T04:12:56.469Z] <<< [apiv2][body] GET https://firebase.googleapis.com/v1beta1/projects [omitted]
[debug] [2026-03-05T04:12:56.504Z] <<< [apiv2][status] GET https://firebase.googleapis.com/v1beta1/projects 200
[debug] [2026-03-05T04:12:56.504Z] <<< [apiv2][body] GET https://firebase.googleapis.com/v1beta1/projects [omitted]
